Start testing: Mar 07 21:14 CST
----------------------------------------------------------
1/5 Testing: test_binary_tree_base_run
1/5 Test: test_binary_tree_base_run
Command: "/home/schrodinger/CLionProjects/data_structure_for_love/cmake-build-debug/test_binary_tree_base"
Directory: /home/schrodinger/CLionProjects/data_structure_for_love/cmake-build-debug
"test_binary_tree_base_run" start time: Mar 07 21:14 CST
Output:
----------------------------------------------------------
7
-1
1
2
4
5
6
7
125
-1
1
2
4
5
6
7
125
2342
1232
2342
1232
2342
2342
7892
7892
136
<end of output>
Test time =   0.00 sec
----------------------------------------------------------
Test Passed.
"test_binary_tree_base_run" end time: Mar 07 21:14 CST
"test_binary_tree_base_run" time elapsed: 00:00:00
----------------------------------------------------------

2/5 Testing: test_optimized_vector_run
2/5 Test: test_optimized_vector_run
Command: "/home/schrodinger/CLionProjects/data_structure_for_love/cmake-build-debug/test_optimized_vector"
Directory: /home/schrodinger/CLionProjects/data_structure_for_love/cmake-build-debug
"test_optimized_vector_run" start time: Mar 07 21:14 CST
Output:
----------------------------------------------------------
- tests for optimized_vector [WITH MEMORY LEAK TEST]

-- testing simple data
--- simple data push_back [SUCCESS]
--- simple data emplace_back [SUCCESS]
--- simple data pop_back [SUCCESS]
--- simple data erase [SUCCESS]

-- testing more on local memory
--- local memory push_back [SUCCESS]
--- local memory emplace_back [SUCCESS]
--- local memory pop_back [SUCCESS]
--- local memory erase [SUCCESS]

-- testing complex data
--- complex data push_back [SUCCESS]
--- complex data emplace_back [SUCCESS]
--- complex data pop_back [SUCCESS]
--- complex data erase [SUCCESS]

-- testing constructors
--- copy constructor [SUCCESS]
--- move constructor [SUCCESS]
<end of output>
Test time =   1.17 sec
----------------------------------------------------------
Test Passed.
"test_optimized_vector_run" end time: Mar 07 21:14 CST
"test_optimized_vector_run" time elapsed: 00:00:01
----------------------------------------------------------

3/5 Testing: test_array_queue_run
3/5 Test: test_array_queue_run
Command: "/home/schrodinger/CLionProjects/data_structure_for_love/cmake-build-debug/test_array_queue"
Directory: /home/schrodinger/CLionProjects/data_structure_for_love/cmake-build-debug
"test_array_queue_run" start time: Mar 07 21:14 CST
Output:
----------------------------------------------------------
0
<end of output>
Test time =   0.00 sec
----------------------------------------------------------
Test Passed.
"test_array_queue_run" end time: Mar 07 21:14 CST
"test_array_queue_run" time elapsed: 00:00:00
----------------------------------------------------------

4/5 Testing: test_object_pool_run
4/5 Test: test_object_pool_run
Command: "/home/schrodinger/CLionProjects/data_structure_for_love/cmake-build-debug/test_object_pool"
Directory: /home/schrodinger/CLionProjects/data_structure_for_love/cmake-build-debug
"test_object_pool_run" start time: Mar 07 21:14 CST
Output:
----------------------------------------------------------
testing basic alloc [Success]
testing basic recycle [Success]
testing complex pool [Success]
<end of output>
Test time =   0.06 sec
----------------------------------------------------------
Test Passed.
"test_object_pool_run" end time: Mar 07 21:14 CST
"test_object_pool_run" time elapsed: 00:00:00
----------------------------------------------------------

5/5 Testing: test_cheney_heap_run
5/5 Test: test_cheney_heap_run
Command: "/home/schrodinger/CLionProjects/data_structure_for_love/cmake-build-debug/test_cheney_heap"
Directory: /home/schrodinger/CLionProjects/data_structure_for_love/cmake-build-debug
"test_cheney_heap_run" start time: Mar 07 21:14 CST
Output:
----------------------------------------------------------
------------------------------
address: 0x7fea1e332010
size: 216
pointers num: 1
pointers:0x7ffc303b5710 
field: 0x7fea1e332078
header: 104
[collectable]
------------------------------
address: 0x7fea1e332078
size: 4
[basic chunk]
------------------------------
address: 0x7fea1e33207c
size: 4
[basic chunk]
------------------------------
address: 0x7fea1e332080
size: 8
[basic chunk]
------------------------------
address: 0x7fea1e332088
size: 24
to: 0x7fea1e3320e8
[pointer]
------------------------------
address: 0x7fea1e3320e8
size: 56
pointers num: 1
pointers:0x7fea1e332088 
field: 0x7fea1e332118
header: 48
[single object]
------------------------------
address: 0x7fea1e332118
size: 8
[basic chunk]
------------------------------
address: 0x7fea1e3320a0
size: 24
to: 0x7fea1e332120
[pointer]
------------------------------
address: 0x7fea1e332120
size: 80
pointers num: 1
pointers:0x7fea1e3320a0 
field: 0x7fea1e332150
header: 48
[single object]
------------------------------
address: 0x7fea1e332150
size: 32
[basic chunk]
------------------------------
address: 0x7fea1e3320b8
size: 24
to: 0x7fea1e332170
[pointer]
------------------------------
address: 0x7fea1e332170
size: 216
pointers num: 2
pointers:0x7fea1e3320b8 0x7fea1e3320d0 
field: 0x7fea1e3321d8
header: 104
[collectable]
------------------------------
address: 0x7fea1e3321d8
size: 4
[basic chunk]
------------------------------
address: 0x7fea1e3321dc
size: 4
[basic chunk]
------------------------------
address: 0x7fea1e3321e0
size: 8
[basic chunk]
------------------------------
address: 0x7fea1e3321e8
size: 24
to: 0x7fea1e332248
[pointer]
------------------------------
address: 0x7fea1e332248
size: 56
pointers num: 1
pointers:0x7fea1e3321e8 
field: 0x7fea1e332278
header: 48
[single object]
------------------------------
address: 0x7fea1e332278
size: 8
[basic chunk]
------------------------------
address: 0x7fea1e332200
size: 24
to: 0x7fea1e332280
[pointer]
------------------------------
address: 0x7fea1e332280
size: 80
pointers num: 1
pointers:0x7fea1e332200 
field: 0x7fea1e3322b0
header: 48
[single object]
------------------------------
address: 0x7fea1e3322b0
size: 32
[basic chunk]
------------------------------
address: 0x7fea1e332218
size: 24
to: 0x7fea1e3322d0
[pointer]
------------------------------
address: 0x7fea1e3322d0
size: 216
pointers num: 2
pointers:0x7fea1e332218 0x7fea1e332230 
field: 0x7fea1e332338
header: 104
[collectable]
------------------------------
address: 0x7fea1e332338
size: 4
[basic chunk]
------------------------------
address: 0x7fea1e33233c
size: 4
[basic chunk]
------------------------------
address: 0x7fea1e332340
size: 8
[basic chunk]
------------------------------
address: 0x7fea1e332348
size: 24
to: 0x7fea1e3323a8
[pointer]
------------------------------
address: 0x7fea1e3323a8
size: 56
pointers num: 1
pointers:0x7fea1e332348 
field: 0x7fea1e3323d8
header: 48
[single object]
------------------------------
address: 0x7fea1e3323d8
size: 8
[basic chunk]
------------------------------
address: 0x7fea1e332360
size: 24
to: 0x7fea1e3323e0
[pointer]
------------------------------
address: 0x7fea1e3323e0
size: 80
pointers num: 1
pointers:0x7fea1e332360 
field: 0x7fea1e332410
header: 48
[single object]
------------------------------
address: 0x7fea1e332410
size: 32
[basic chunk]
------------------------------
address: 0x7fea1e332378
size: 24
to: 0
[pointer]
------------------------------
address: 0x7fea1e332390
size: 24
to: 0
[pointer]
------------------------------
address: 0x7fea1e332230
size: 24
to: 0x7fea1e3322d0
[pointer]
------------------------------
address: 0x7fea1e3322d0
size: 216
pointers num: 2
pointers:0x7fea1e332218 0x7fea1e332230 
field: 0x7fea1e332338
header: 104
[collectable]
------------------------------
address: 0x7fea1e332338
size: 4
[basic chunk]
------------------------------
address: 0x7fea1e33233c
size: 4
[basic chunk]
------------------------------
address: 0x7fea1e332340
size: 8
[basic chunk]
------------------------------
address: 0x7fea1e332348
size: 24
to: 0x7fea1e3323a8
[pointer]
------------------------------
address: 0x7fea1e3323a8
size: 56
pointers num: 1
pointers:0x7fea1e332348 
field: 0x7fea1e3323d8
header: 48
[single object]
------------------------------
address: 0x7fea1e3323d8
size: 8
[basic chunk]
------------------------------
address: 0x7fea1e332360
size: 24
to: 0x7fea1e3323e0
[pointer]
------------------------------
address: 0x7fea1e3323e0
size: 80
pointers num: 1
pointers:0x7fea1e332360 
field: 0x7fea1e332410
header: 48
[single object]
------------------------------
address: 0x7fea1e332410
size: 32
[basic chunk]
------------------------------
address: 0x7fea1e332378
size: 24
to: 0
[pointer]
------------------------------
address: 0x7fea1e332390
size: 24
to: 0
[pointer]
------------------------------
address: 0x7fea1e3320d0
size: 24
to: 0x7fea1e332170
[pointer]
------------------------------
address: 0x7fea1e332170
size: 216
pointers num: 2
pointers:0x7fea1e3320b8 0x7fea1e3320d0 
field: 0x7fea1e3321d8
header: 104
[collectable]
------------------------------
address: 0x7fea1e3321d8
size: 4
[basic chunk]
------------------------------
address: 0x7fea1e3321dc
size: 4
[basic chunk]
------------------------------
address: 0x7fea1e3321e0
size: 8
[basic chunk]
------------------------------
address: 0x7fea1e3321e8
size: 24
to: 0x7fea1e332248
[pointer]
------------------------------
address: 0x7fea1e332248
size: 56
pointers num: 1
pointers:0x7fea1e3321e8 
field: 0x7fea1e332278
header: 48
[single object]
------------------------------
address: 0x7fea1e332278
size: 8
[basic chunk]
------------------------------
address: 0x7fea1e332200
size: 24
to: 0x7fea1e332280
[pointer]
------------------------------
address: 0x7fea1e332280
size: 80
pointers num: 1
pointers:0x7fea1e332200 
field: 0x7fea1e3322b0
header: 48
[single object]
------------------------------
address: 0x7fea1e3322b0
size: 32
[basic chunk]
------------------------------
address: 0x7fea1e332218
size: 24
to: 0x7fea1e3322d0
[pointer]
------------------------------
address: 0x7fea1e3322d0
size: 216
pointers num: 2
pointers:0x7fea1e332218 0x7fea1e332230 
field: 0x7fea1e332338
header: 104
[collectable]
------------------------------
address: 0x7fea1e332338
size: 4
[basic chunk]
------------------------------
address: 0x7fea1e33233c
size: 4
[basic chunk]
------------------------------
address: 0x7fea1e332340
size: 8
[basic chunk]
------------------------------
address: 0x7fea1e332348
size: 24
to: 0x7fea1e3323a8
[pointer]
------------------------------
address: 0x7fea1e3323a8
size: 56
pointers num: 1
pointers:0x7fea1e332348 
field: 0x7fea1e3323d8
header: 48
[single object]
------------------------------
address: 0x7fea1e3323d8
size: 8
[basic chunk]
------------------------------
address: 0x7fea1e332360
size: 24
to: 0x7fea1e3323e0
[pointer]
------------------------------
address: 0x7fea1e3323e0
size: 80
pointers num: 1
pointers:0x7fea1e332360 
field: 0x7fea1e332410
header: 48
[single object]
------------------------------
address: 0x7fea1e332410
size: 32
[basic chunk]
------------------------------
address: 0x7fea1e332378
size: 24
to: 0
[pointer]
------------------------------
address: 0x7fea1e332390
size: 24
to: 0
[pointer]
------------------------------
address: 0x7fea1e332230
size: 24
to: 0x7fea1e3322d0
[pointer]
------------------------------
address: 0x7fea1e3322d0
size: 216
pointers num: 2
pointers:0x7fea1e332218 0x7fea1e332230 
field: 0x7fea1e332338
header: 104
[collectable]
------------------------------
address: 0x7fea1e332338
size: 4
[basic chunk]
------------------------------
address: 0x7fea1e33233c
size: 4
[basic chunk]
------------------------------
address: 0x7fea1e332340
size: 8
[basic chunk]
------------------------------
address: 0x7fea1e332348
size: 24
to: 0x7fea1e3323a8
[pointer]
------------------------------
address: 0x7fea1e3323a8
size: 56
pointers num: 1
pointers:0x7fea1e332348 
field: 0x7fea1e3323d8
header: 48
[single object]
------------------------------
address: 0x7fea1e3323d8
size: 8
[basic chunk]
------------------------------
address: 0x7fea1e332360
size: 24
to: 0x7fea1e3323e0
[pointer]
------------------------------
address: 0x7fea1e3323e0
size: 80
pointers num: 1
pointers:0x7fea1e332360 
field: 0x7fea1e332410
header: 48
[single object]
------------------------------
address: 0x7fea1e332410
size: 32
[basic chunk]
------------------------------
address: 0x7fea1e332378
size: 24
to: 0
[pointer]
------------------------------
address: 0x7fea1e332390
size: 24
to: 0
[pointer]
114514
1234

------------------------------
address: 0x7fea1e332010
size: 216
pointers num: 1
pointers:0x7ffc303b5710 
field: 0x7fea1e332078
header: 104
[collectable]
------------------------------
address: 0x7fea1e332078
size: 4
[basic chunk]
------------------------------
address: 0x7fea1e33207c
size: 4
[basic chunk]
------------------------------
address: 0x7fea1e332080
size: 8
[basic chunk]
------------------------------
address: 0x7fea1e332088
size: 24
to: 0x7fea1e3320e8
[pointer]
------------------------------
address: 0x7fea1e3320e8
size: 56
pointers num: 1
pointers:0x7fea1e332088 
field: 0x7fea1e332118
header: 48
[single object]
------------------------------
address: 0x7fea1e332118
size: 8
[basic chunk]
------------------------------
address: 0x7fea1e3320a0
size: 24
to: 0x7fea1e332120
[pointer]
------------------------------
address: 0x7fea1e332120
size: 80
pointers num: 1
pointers:0x7fea1e3320a0 
field: 0x7fea1e332150
header: 48
[single object]
------------------------------
address: 0x7fea1e332150
size: 32
[basic chunk]
------------------------------
address: 0x7fea1e3320b8
size: 24
to: 0x7fea1e332170
[pointer]
------------------------------
address: 0x7fea1e332170
size: 216
pointers num: 1
pointers:0x7fea1e3320b8 
field: 0x7fea1e3321d8
header: 104
[collectable]
------------------------------
address: 0x7fea1e3321d8
size: 4
[basic chunk]
------------------------------
address: 0x7fea1e3321dc
size: 4
[basic chunk]
------------------------------
address: 0x7fea1e3321e0
size: 8
[basic chunk]
------------------------------
address: 0x7fea1e3321e8
size: 24
to: 0x7fea1e332248
[pointer]
------------------------------
address: 0x7fea1e332248
size: 56
pointers num: 1
pointers:0x7fea1e3321e8 
field: 0x7fea1e332278
header: 48
[single object]
------------------------------
address: 0x7fea1e332278
size: 8
[basic chunk]
------------------------------
address: 0x7fea1e332200
size: 24
to: 0x7fea1e332280
[pointer]
------------------------------
address: 0x7fea1e332280
size: 80
pointers num: 1
pointers:0x7fea1e332200 
field: 0x7fea1e3322b0
header: 48
[single object]
------------------------------
address: 0x7fea1e3322b0
size: 32
[basic chunk]
------------------------------
address: 0x7fea1e332218
size: 24
to: 0x7fea1e3322d0
[pointer]
------------------------------
address: 0x7fea1e3322d0
size: 216
pointers num: 2
pointers:0x7fea1e332218 0x7fea1e332230 
field: 0x7fea1e332338
header: 104
[collectable]
------------------------------
address: 0x7fea1e332338
size: 4
[basic chunk]
------------------------------
address: 0x7fea1e33233c
size: 4
[basic chunk]
------------------------------
address: 0x7fea1e332340
size: 8
[basic chunk]
------------------------------
address: 0x7fea1e332348
size: 24
to: 0x7fea1e3323a8
[pointer]
------------------------------
address: 0x7fea1e3323a8
size: 56
pointers num: 1
pointers:0x7fea1e332348 
field: 0x7fea1e3323d8
header: 48
[single object]
------------------------------
address: 0x7fea1e3323d8
size: 8
[basic chunk]
------------------------------
address: 0x7fea1e332360
size: 24
to: 0x7fea1e3323e0
[pointer]
------------------------------
address: 0x7fea1e3323e0
size: 80
pointers num: 1
pointers:0x7fea1e332360 
field: 0x7fea1e332410
header: 48
[single object]
------------------------------
address: 0x7fea1e332410
size: 32
[basic chunk]
------------------------------
address: 0x7fea1e332378
size: 24
to: 0
[pointer]
------------------------------
address: 0x7fea1e332390
size: 24
to: 0
[pointer]
------------------------------
address: 0x7fea1e332230
size: 24
to: 0x7fea1e3322d0
[pointer]
------------------------------
address: 0x7fea1e3322d0
size: 216
pointers num: 2
pointers:0x7fea1e332218 0x7fea1e332230 
field: 0x7fea1e332338
header: 104
[collectable]
------------------------------
address: 0x7fea1e332338
size: 4
[basic chunk]
------------------------------
address: 0x7fea1e33233c
size: 4
[basic chunk]
------------------------------
address: 0x7fea1e332340
size: 8
[basic chunk]
------------------------------
address: 0x7fea1e332348
size: 24
to: 0x7fea1e3323a8
[pointer]
------------------------------
address: 0x7fea1e3323a8
size: 56
pointers num: 1
pointers:0x7fea1e332348 
field: 0x7fea1e3323d8
header: 48
[single object]
------------------------------
address: 0x7fea1e3323d8
size: 8
[basic chunk]
------------------------------
address: 0x7fea1e332360
size: 24
to: 0x7fea1e3323e0
[pointer]
------------------------------
address: 0x7fea1e3323e0
size: 80
pointers num: 1
pointers:0x7fea1e332360 
field: 0x7fea1e332410
header: 48
[single object]
------------------------------
address: 0x7fea1e332410
size: 32
[basic chunk]
------------------------------
address: 0x7fea1e332378
size: 24
to: 0
[pointer]
------------------------------
address: 0x7fea1e332390
size: 24
to: 0
[pointer]
------------------------------
address: 0x7fea1e3320d0
size: 24
to: 0
[pointer]
114514
1234
<end of output>
Test time =   0.00 sec
----------------------------------------------------------
Test Passed.
"test_cheney_heap_run" end time: Mar 07 21:14 CST
"test_cheney_heap_run" time elapsed: 00:00:00
----------------------------------------------------------

End testing: Mar 07 21:14 CST
